<!DOCTYPE html PUBLIC "-//W3C//DTD XHTML 1.1//EN" "http://www.w3.org/TR/xhtml11/DTD/xhtml11.dtd">
<html xmlns="http://www.w3.org/1999/xhtml">
<head>
<meta http-equiv="content-type" content="text/html; charset=UTF-8"/>
<title>TestNG Report</title>
<style type="text/css">table {margin-bottom:10px;border-collapse:collapse;empty-cells:show}th,td {border:1px solid #009;padding:.25em .5em}th {vertical-align:bottom}td {vertical-align:top}table a {font-weight:bold}.stripe td {background-color: #E6EBF9}.num {text-align:right}.passedodd td {background-color: #3F3}.passedeven td {background-color: #0A0}.skippedodd td {background-color: #DDD}.skippedeven td {background-color: #CCC}.failedodd td,.attn {background-color: #F33}.failedeven td,.stripe .attn {background-color: #D00}.stacktrace {white-space:pre;font-family:monospace}.totop {font-size:85%;text-align:center;border-bottom:2px solid #000}.invisible {display:none}</style>
</head>
<body>
<table>
<tr><th>Test</th><th># Passed</th><th># Skipped</th><th># Failed</th><th>Time (ms)</th><th>Included Groups</th><th>Excluded Groups</th></tr>
<tr><th colspan="7">nopcommerce</th></tr>
<tr><td><a href="#t0">sute1</a></td><td class="num">0</td><td class="num attn">1</td><td class="num">0</td><td class="num">603,013</td><td></td><td></td></tr>
</table>
<table id='summary'><thead><tr><th>Class</th><th>Method</th><th>Start</th><th>Time (ms)</th></tr></thead><tbody><tr><th colspan="4">nopcommerce</th></tr></tbody><tbody id="t0"><tr><th colspan="4">sute1 &#8212; failed (configuration methods)</th></tr><tr class="failedeven"><td rowspan="1">com.nopcommerce.TestCases.TC_AddCustomerTest_003</td><td><a href="#m0">setup</a></td><td rowspan="1">1638192815139</td><td rowspan="1">602544</td></tr><tr><th colspan="4">sute1 &#8212; skipped (configuration methods)</th></tr><tr class="skippedeven"><td rowspan="1">com.nopcommerce.TestCases.TC_AddCustomerTest_003</td><td><a href="#m1">tearDown</a></td><td rowspan="1">1638193418142</td><td rowspan="1">0</td></tr><tr><th colspan="4">sute1 &#8212; skipped</th></tr><tr class="skippedeven"><td rowspan="1">com.nopcommerce.TestCases.TC_AddCustomerTest_003</td><td><a href="#m2">addNewCustomer</a></td><td rowspan="1">1638193418102</td><td rowspan="1">0</td></tr></tbody>
</table>
<h2>sute1</h2><h3 id="m0">com.nopcommerce.TestCases.TC_AddCustomerTest_003#setup</h3><table class="result"><tr class="param"><th>Parameter #1</th></tr><tr class="param stripe"><td>chrome</td></tr><tr><th>Exception</th></tr><tr><td><div class="stacktrace">org.openqa.selenium.SessionNotCreatedException: session not created
from timeout: Timed out receiving message from renderer: 600.000
  (Session info: chrome=96.0.4664.45)
Build info: version: &apos;3.141.59&apos;, revision: &apos;e82be7d358&apos;, time: &apos;2018-11-14T08:17:03&apos;
System info: host: &apos;CADDSTUDIO-PC&apos;, ip: &apos;192.168.0.105&apos;, os.name: &apos;Windows 7&apos;, os.arch: &apos;amd64&apos;, os.version: &apos;6.1&apos;, java.version: &apos;11.0.13&apos;
Driver info: driver.version: ChromeDriver
remote stacktrace: Backtrace:
	Ordinal0 [0x00426023+2514979]
	Ordinal0 [0x003BF6B1+2094769]
	Ordinal0 [0x002C26C8+1058504]
	Ordinal0 [0x002B4D65+1002853]
	Ordinal0 [0x002B3DED+998893]
	Ordinal0 [0x002B40A6+999590]
	Ordinal0 [0x002B3995+997781]
	Ordinal0 [0x002BE794+1042324]
	Ordinal0 [0x002B3951+997713]
	Ordinal0 [0x002B4856+1001558]
	Ordinal0 [0x002B3DED+998893]
	Ordinal0 [0x002B40A6+999590]
	Ordinal0 [0x002B3995+997781]
	Ordinal0 [0x002BC793+1034131]
	Ordinal0 [0x002B3951+997713]
	Ordinal0 [0x002B4856+1001558]
	Ordinal0 [0x002B3DED+998893]
	Ordinal0 [0x002B40A6+999590]
	Ordinal0 [0x002B3995+997781]
	Ordinal0 [0x002BA599+1025433]
	Ordinal0 [0x002B3951+997713]
	Ordinal0 [0x002B4856+1001558]
	Ordinal0 [0x002B3DED+998893]
	Ordinal0 [0x002B40A6+999590]
	Ordinal0 [0x002B3995+997781]
	Ordinal0 [0x002B991C+1022236]
	Ordinal0 [0x002B3951+997713]
	Ordinal0 [0x002B4856+1001558]
	Ordinal0 [0x002B3DED+998893]
	Ordinal0 [0x002B40A6+999590]
	Ordinal0 [0x002B3995+997781]
	Ordinal0 [0x002AF55D+980317]
	Ordinal0 [0x002B3951+997713]
	Ordinal0 [0x002B36F0+997104]
	Ordinal0 [0x002B3489+996489]
	Ordinal0 [0x002C38E0+1063136]
	Ordinal0 [0x0030B8BA+1358010]
	Ordinal0 [0x0030A55A+1353050]
	Ordinal0 [0x003061EB+1335787]
	Ordinal0 [0x002E2617+1189399]
	Ordinal0 [0x002E3479+1193081]
	GetHandleVerifier [0x005B5624+1579748]
	GetHandleVerifier [0x00660417+2279639]
	GetHandleVerifier [0x004B473B+527355]
	GetHandleVerifier [0x004B37E9+523433]
	Ordinal0 [0x003C4BF9+2116601]
	Ordinal0 [0x003C9238+2134584]
	Ordinal0 [0x003C9372+2134898]
	Ordinal0 [0x003D2EB1+2174641]
	BaseThreadInitThunk [0x75C2336A+18]
	RtlInitializeExceptionChain [0x777398F2+99]
	RtlInitializeExceptionChain [0x777398C5+54]

	at org.openqa.selenium.remote.W3CHandshakeResponse.lambda$errorHandler$0(W3CHandshakeResponse.java:62)
	at org.openqa.selenium.remote.HandshakeResponse.lambda$getResponseFunction$0(HandshakeResponse.java:30)
	at org.openqa.selenium.remote.ProtocolHandshake.lambda$createSession$0(ProtocolHandshake.java:126)
	at java.base/java.util.stream.ReferencePipeline$3$1.accept(ReferencePipeline.java:195)
	at java.base/java.util.Spliterators$ArraySpliterator.tryAdvance(Spliterators.java:958)
	at java.base/java.util.stream.ReferencePipeline.forEachWithCancel(ReferencePipeline.java:127)
	at java.base/java.util.stream.AbstractPipeline.copyIntoWithCancel(AbstractPipeline.java:502)
	at java.base/java.util.stream.AbstractPipeline.copyInto(AbstractPipeline.java:488)
	at java.base/java.util.stream.AbstractPipeline.wrapAndCopyInto(AbstractPipeline.java:474)
	at java.base/java.util.stream.FindOps$FindOp.evaluateSequential(FindOps.java:150)
	at java.base/java.util.stream.AbstractPipeline.evaluate(AbstractPipeline.java:234)
	at java.base/java.util.stream.ReferencePipeline.findFirst(ReferencePipeline.java:543)
	at org.openqa.selenium.remote.ProtocolHandshake.createSession(ProtocolHandshake.java:128)
	at org.openqa.selenium.remote.ProtocolHandshake.createSession(ProtocolHandshake.java:74)
	at org.openqa.selenium.remote.HttpCommandExecutor.execute(HttpCommandExecutor.java:136)
	at org.openqa.selenium.remote.service.DriverCommandExecutor.execute(DriverCommandExecutor.java:83)
	at org.openqa.selenium.remote.RemoteWebDriver.execute(RemoteWebDriver.java:552)
	at org.openqa.selenium.remote.RemoteWebDriver.startSession(RemoteWebDriver.java:213)
	at org.openqa.selenium.remote.RemoteWebDriver.&lt;init&gt;(RemoteWebDriver.java:131)
	at org.openqa.selenium.chrome.ChromeDriver.&lt;init&gt;(ChromeDriver.java:181)
	at org.openqa.selenium.chrome.ChromeDriver.&lt;init&gt;(ChromeDriver.java:168)
	at org.openqa.selenium.chrome.ChromeDriver.&lt;init&gt;(ChromeDriver.java:123)
	at com.nopcommerce.TestCases.BaseClass.setup(BaseClass.java:47)
... Removed 33 stack frames</div></td></tr></table><p class="totop"><a href="#summary">back to summary</a></p>
<h3 id="m1">com.nopcommerce.TestCases.TC_AddCustomerTest_003#tearDown</h3><table class="result"><tr><th class="invisible"/></tr></table><p class="totop"><a href="#summary">back to summary</a></p>
<h3 id="m2">com.nopcommerce.TestCases.TC_AddCustomerTest_003#addNewCustomer</h3><table class="result"><tr><th>Exception</th></tr><tr><td><div class="stacktrace">org.openqa.selenium.SessionNotCreatedException: session not created
from timeout: Timed out receiving message from renderer: 600.000
  (Session info: chrome=96.0.4664.45)
Build info: version: &apos;3.141.59&apos;, revision: &apos;e82be7d358&apos;, time: &apos;2018-11-14T08:17:03&apos;
System info: host: &apos;CADDSTUDIO-PC&apos;, ip: &apos;192.168.0.105&apos;, os.name: &apos;Windows 7&apos;, os.arch: &apos;amd64&apos;, os.version: &apos;6.1&apos;, java.version: &apos;11.0.13&apos;
Driver info: driver.version: ChromeDriver
remote stacktrace: Backtrace:
	Ordinal0 [0x00426023+2514979]
	Ordinal0 [0x003BF6B1+2094769]
	Ordinal0 [0x002C26C8+1058504]
	Ordinal0 [0x002B4D65+1002853]
	Ordinal0 [0x002B3DED+998893]
	Ordinal0 [0x002B40A6+999590]
	Ordinal0 [0x002B3995+997781]
	Ordinal0 [0x002BE794+1042324]
	Ordinal0 [0x002B3951+997713]
	Ordinal0 [0x002B4856+1001558]
	Ordinal0 [0x002B3DED+998893]
	Ordinal0 [0x002B40A6+999590]
	Ordinal0 [0x002B3995+997781]
	Ordinal0 [0x002BC793+1034131]
	Ordinal0 [0x002B3951+997713]
	Ordinal0 [0x002B4856+1001558]
	Ordinal0 [0x002B3DED+998893]
	Ordinal0 [0x002B40A6+999590]
	Ordinal0 [0x002B3995+997781]
	Ordinal0 [0x002BA599+1025433]
	Ordinal0 [0x002B3951+997713]
	Ordinal0 [0x002B4856+1001558]
	Ordinal0 [0x002B3DED+998893]
	Ordinal0 [0x002B40A6+999590]
	Ordinal0 [0x002B3995+997781]
	Ordinal0 [0x002B991C+1022236]
	Ordinal0 [0x002B3951+997713]
	Ordinal0 [0x002B4856+1001558]
	Ordinal0 [0x002B3DED+998893]
	Ordinal0 [0x002B40A6+999590]
	Ordinal0 [0x002B3995+997781]
	Ordinal0 [0x002AF55D+980317]
	Ordinal0 [0x002B3951+997713]
	Ordinal0 [0x002B36F0+997104]
	Ordinal0 [0x002B3489+996489]
	Ordinal0 [0x002C38E0+1063136]
	Ordinal0 [0x0030B8BA+1358010]
	Ordinal0 [0x0030A55A+1353050]
	Ordinal0 [0x003061EB+1335787]
	Ordinal0 [0x002E2617+1189399]
	Ordinal0 [0x002E3479+1193081]
	GetHandleVerifier [0x005B5624+1579748]
	GetHandleVerifier [0x00660417+2279639]
	GetHandleVerifier [0x004B473B+527355]
	GetHandleVerifier [0x004B37E9+523433]
	Ordinal0 [0x003C4BF9+2116601]
	Ordinal0 [0x003C9238+2134584]
	Ordinal0 [0x003C9372+2134898]
	Ordinal0 [0x003D2EB1+2174641]
	BaseThreadInitThunk [0x75C2336A+18]
	RtlInitializeExceptionChain [0x777398F2+99]
	RtlInitializeExceptionChain [0x777398C5+54]

	at org.openqa.selenium.remote.W3CHandshakeResponse.lambda$errorHandler$0(W3CHandshakeResponse.java:62)
	at org.openqa.selenium.remote.HandshakeResponse.lambda$getResponseFunction$0(HandshakeResponse.java:30)
	at org.openqa.selenium.remote.ProtocolHandshake.lambda$createSession$0(ProtocolHandshake.java:126)
	at java.base/java.util.stream.ReferencePipeline$3$1.accept(ReferencePipeline.java:195)
	at java.base/java.util.Spliterators$ArraySpliterator.tryAdvance(Spliterators.java:958)
	at java.base/java.util.stream.ReferencePipeline.forEachWithCancel(ReferencePipeline.java:127)
	at java.base/java.util.stream.AbstractPipeline.copyIntoWithCancel(AbstractPipeline.java:502)
	at java.base/java.util.stream.AbstractPipeline.copyInto(AbstractPipeline.java:488)
	at java.base/java.util.stream.AbstractPipeline.wrapAndCopyInto(AbstractPipeline.java:474)
	at java.base/java.util.stream.FindOps$FindOp.evaluateSequential(FindOps.java:150)
	at java.base/java.util.stream.AbstractPipeline.evaluate(AbstractPipeline.java:234)
	at java.base/java.util.stream.ReferencePipeline.findFirst(ReferencePipeline.java:543)
	at org.openqa.selenium.remote.ProtocolHandshake.createSession(ProtocolHandshake.java:128)
	at org.openqa.selenium.remote.ProtocolHandshake.createSession(ProtocolHandshake.java:74)
	at org.openqa.selenium.remote.HttpCommandExecutor.execute(HttpCommandExecutor.java:136)
	at org.openqa.selenium.remote.service.DriverCommandExecutor.execute(DriverCommandExecutor.java:83)
	at org.openqa.selenium.remote.RemoteWebDriver.execute(RemoteWebDriver.java:552)
	at org.openqa.selenium.remote.RemoteWebDriver.startSession(RemoteWebDriver.java:213)
	at org.openqa.selenium.remote.RemoteWebDriver.&lt;init&gt;(RemoteWebDriver.java:131)
	at org.openqa.selenium.chrome.ChromeDriver.&lt;init&gt;(ChromeDriver.java:181)
	at org.openqa.selenium.chrome.ChromeDriver.&lt;init&gt;(ChromeDriver.java:168)
	at org.openqa.selenium.chrome.ChromeDriver.&lt;init&gt;(ChromeDriver.java:123)
	at com.nopcommerce.TestCases.BaseClass.setup(BaseClass.java:47)
... Removed 33 stack frames</div></td></tr></table><p class="totop"><a href="#summary">back to summary</a></p>
</body>
</html>
