<?xml version="1.0" encoding="UTF-8"?>
<!-- Generated by org.testng.reporters.JUnitXMLReporter -->
<testsuite ignored="0" hostname="caddstudio-PC" failures="0" tests="1" name="sute1" time="603.013" errors="0" timestamp="29 Nov 2021 13:43:38 GMT">
  <testcase classname="com.nopcommerce.TestCases.BaseClass" name="@BeforeClass setup" time="602.544">
    <failure type="org.openqa.selenium.SessionNotCreatedException" message="session not created
from timeout: Timed out receiving message from renderer: 600.000
  (Session info: chrome=96.0.4664.45)
Build info: version: &amp;apos;3.141.59&amp;apos;, revision: &amp;apos;e82be7d358&amp;apos;, time: &amp;apos;2018-11-14T08:17:03&amp;apos;
System info: host: &amp;apos;CADDSTUDIO-PC&amp;apos;, ip: &amp;apos;192.168.0.105&amp;apos;, os.name: &amp;apos;Windows 7&amp;apos;, os.arch: &amp;apos;amd64&amp;apos;, os.version: &amp;apos;6.1&amp;apos;, java.version: &amp;apos;11.0.13&amp;apos;
Driver info: driver.version: ChromeDriver
remote stacktrace: Backtrace:
	Ordinal0 [0x00426023+2514979]
	Ordinal0 [0x003BF6B1+2094769]
	Ordinal0 [0x002C26C8+1058504]
	Ordinal0 [0x002B4D65+1002853]
	Ordinal0 [0x002B3DED+998893]
	Ordinal0 [0x002B40A6+999590]
	Ordinal0 [0x002B3995+997781]
	Ordinal0 [0x002BE794+1042324]
	Ordinal0 [0x002B3951+997713]
	Ordinal0 [0x002B4856+1001558]
	Ordinal0 [0x002B3DED+998893]
	Ordinal0 [0x002B40A6+999590]
	Ordinal0 [0x002B3995+997781]
	Ordinal0 [0x002BC793+1034131]
	Ordinal0 [0x002B3951+997713]
	Ordinal0 [0x002B4856+1001558]
	Ordinal0 [0x002B3DED+998893]
	Ordinal0 [0x002B40A6+999590]
	Ordinal0 [0x002B3995+997781]
	Ordinal0 [0x002BA599+1025433]
	Ordinal0 [0x002B3951+997713]
	Ordinal0 [0x002B4856+1001558]
	Ordinal0 [0x002B3DED+998893]
	Ordinal0 [0x002B40A6+999590]
	Ordinal0 [0x002B3995+997781]
	Ordinal0 [0x002B991C+1022236]
	Ordinal0 [0x002B3951+997713]
	Ordinal0 [0x002B4856+1001558]
	Ordinal0 [0x002B3DED+998893]
	Ordinal0 [0x002B40A6+999590]
	Ordinal0 [0x002B3995+997781]
	Ordinal0 [0x002AF55D+980317]
	Ordinal0 [0x002B3951+997713]
	Ordinal0 [0x002B36F0+997104]
	Ordinal0 [0x002B3489+996489]
	Ordinal0 [0x002C38E0+1063136]
	Ordinal0 [0x0030B8BA+1358010]
	Ordinal0 [0x0030A55A+1353050]
	Ordinal0 [0x003061EB+1335787]
	Ordinal0 [0x002E2617+1189399]
	Ordinal0 [0x002E3479+1193081]
	GetHandleVerifier [0x005B5624+1579748]
	GetHandleVerifier [0x00660417+2279639]
	GetHandleVerifier [0x004B473B+527355]
	GetHandleVerifier [0x004B37E9+523433]
	Ordinal0 [0x003C4BF9+2116601]
	Ordinal0 [0x003C9238+2134584]
	Ordinal0 [0x003C9372+2134898]
	Ordinal0 [0x003D2EB1+2174641]
	BaseThreadInitThunk [0x75C2336A+18]
	RtlInitializeExceptionChain [0x777398F2+99]
	RtlInitializeExceptionChain [0x777398C5+54]
">
      <![CDATA[org.openqa.selenium.SessionNotCreatedException: session not created
from timeout: Timed out receiving message from renderer: 600.000
  (Session info: chrome=96.0.4664.45)
Build info: version: '3.141.59', revision: 'e82be7d358', time: '2018-11-14T08:17:03'
System info: host: 'CADDSTUDIO-PC', ip: '192.168.0.105', os.name: 'Windows 7', os.arch: 'amd64', os.version: '6.1', java.version: '11.0.13'
Driver info: driver.version: ChromeDriver
remote stacktrace: Backtrace:
Ordinal0 [0x00426023+2514979]
Ordinal0 [0x003BF6B1+2094769]
Ordinal0 [0x002C26C8+1058504]
Ordinal0 [0x002B4D65+1002853]
Ordinal0 [0x002B3DED+998893]
Ordinal0 [0x002B40A6+999590]
Ordinal0 [0x002B3995+997781]
Ordinal0 [0x002BE794+1042324]
Ordinal0 [0x002B3951+997713]
Ordinal0 [0x002B4856+1001558]
Ordinal0 [0x002B3DED+998893]
Ordinal0 [0x002B40A6+999590]
Ordinal0 [0x002B3995+997781]
Ordinal0 [0x002BC793+1034131]
Ordinal0 [0x002B3951+997713]
Ordinal0 [0x002B4856+1001558]
Ordinal0 [0x002B3DED+998893]
Ordinal0 [0x002B40A6+999590]
Ordinal0 [0x002B3995+997781]
Ordinal0 [0x002BA599+1025433]
Ordinal0 [0x002B3951+997713]
Ordinal0 [0x002B4856+1001558]
Ordinal0 [0x002B3DED+998893]
Ordinal0 [0x002B40A6+999590]
Ordinal0 [0x002B3995+997781]
Ordinal0 [0x002B991C+1022236]
Ordinal0 [0x002B3951+997713]
Ordinal0 [0x002B4856+1001558]
Ordinal0 [0x002B3DED+998893]
Ordinal0 [0x002B40A6+999590]
Ordinal0 [0x002B3995+997781]
Ordinal0 [0x002AF55D+980317]
Ordinal0 [0x002B3951+997713]
Ordinal0 [0x002B36F0+997104]
Ordinal0 [0x002B3489+996489]
Ordinal0 [0x002C38E0+1063136]
Ordinal0 [0x0030B8BA+1358010]
Ordinal0 [0x0030A55A+1353050]
Ordinal0 [0x003061EB+1335787]
Ordinal0 [0x002E2617+1189399]
Ordinal0 [0x002E3479+1193081]
GetHandleVerifier [0x005B5624+1579748]
GetHandleVerifier [0x00660417+2279639]
GetHandleVerifier [0x004B473B+527355]
GetHandleVerifier [0x004B37E9+523433]
Ordinal0 [0x003C4BF9+2116601]
Ordinal0 [0x003C9238+2134584]
Ordinal0 [0x003C9372+2134898]
Ordinal0 [0x003D2EB1+2174641]
BaseThreadInitThunk [0x75C2336A+18]
RtlInitializeExceptionChain [0x777398F2+99]
RtlInitializeExceptionChain [0x777398C5+54]

at org.openqa.selenium.remote.W3CHandshakeResponse.lambda$errorHandler$0(W3CHandshakeResponse.java:62)
at org.openqa.selenium.remote.HandshakeResponse.lambda$getResponseFunction$0(HandshakeResponse.java:30)
at org.openqa.selenium.remote.ProtocolHandshake.lambda$createSession$0(ProtocolHandshake.java:126)
at java.base/java.util.stream.ReferencePipeline$3$1.accept(ReferencePipeline.java:195)
at java.base/java.util.Spliterators$ArraySpliterator.tryAdvance(Spliterators.java:958)
at java.base/java.util.stream.ReferencePipeline.forEachWithCancel(ReferencePipeline.java:127)
at java.base/java.util.stream.AbstractPipeline.copyIntoWithCancel(AbstractPipeline.java:502)
at java.base/java.util.stream.AbstractPipeline.copyInto(AbstractPipeline.java:488)
at java.base/java.util.stream.AbstractPipeline.wrapAndCopyInto(AbstractPipeline.java:474)
at java.base/java.util.stream.FindOps$FindOp.evaluateSequential(FindOps.java:150)
at java.base/java.util.stream.AbstractPipeline.evaluate(AbstractPipeline.java:234)
at java.base/java.util.stream.ReferencePipeline.findFirst(ReferencePipeline.java:543)
at org.openqa.selenium.remote.ProtocolHandshake.createSession(ProtocolHandshake.java:128)
at org.openqa.selenium.remote.ProtocolHandshake.createSession(ProtocolHandshake.java:74)
at org.openqa.selenium.remote.HttpCommandExecutor.execute(HttpCommandExecutor.java:136)
at org.openqa.selenium.remote.service.DriverCommandExecutor.execute(DriverCommandExecutor.java:83)
at org.openqa.selenium.remote.RemoteWebDriver.execute(RemoteWebDriver.java:552)
at org.openqa.selenium.remote.RemoteWebDriver.startSession(RemoteWebDriver.java:213)
at org.openqa.selenium.remote.RemoteWebDriver.<init>(RemoteWebDriver.java:131)
at org.openqa.selenium.chrome.ChromeDriver.<init>(ChromeDriver.java:181)
at org.openqa.selenium.chrome.ChromeDriver.<init>(ChromeDriver.java:168)
at org.openqa.selenium.chrome.ChromeDriver.<init>(ChromeDriver.java:123)
at com.nopcommerce.TestCases.BaseClass.setup(BaseClass.java:47)
... Removed 33 stack frames]]>
    </failure>
  </testcase> <!-- @BeforeClass setup -->
  <testcase classname="com.nopcommerce.TestCases.BaseClass" name="@AfterClass tearDown" time="0.0">
    <skipped/>
  </testcase> <!-- @AfterClass tearDown -->
  <testcase classname="com.nopcommerce.TestCases.TC_AddCustomerTest_003" name="addNewCustomer" time="0.0">
    <skipped/>
  </testcase> <!-- addNewCustomer -->
</testsuite> <!-- sute1 -->
