<?xml version="1.0" encoding="UTF-8"?>
<!-- Generated by org.testng.reporters.JUnitReportReporter -->
<testsuite hostname="caddstudio-PC" failures="0" tests="2" name="com.nopcommerce.TestCases.TC_AddCustomerTest_003" time="602.544" errors="1" timestamp="29 Nov 2021 13:43:38 GMT" skipped="1">
  <testcase classname="com.nopcommerce.TestCases.TC_AddCustomerTest_003" name="setup" time="602.544">
    <error message="session not created
from timeout: Timed out receiving message from renderer: 600.000
  (Session info: chrome=96.0.4664.45)
Build info: version: &#039;3.141.59&#039;, revision: &#039;e82be7d358&#039;, time: &#039;2018-11-14T08:17:03&#039;
System info: host: &#039;CADDSTUDIO-PC&#039;, ip: &#039;192.168.0.105&#039;, os.name: &#039;Windows 7&#039;, os.arch: &#039;amd64&#039;, os.version: &#039;6.1&#039;, java.version: &#039;11.0.13&#039;
Driver info: driver.version: ChromeDriver
remote stacktrace: Backtrace:
	Ordinal0 [0x00426023+2514979]
	Ordinal0 [0x003BF6B1+2094769]
	Ordinal0 [0x002C26C8+1058504]
	Ordinal0 [0x002B4D65+1002853]
	Ordinal0 [0x002B3DED+998893]
	Ordinal0 [0x002B40A6+999590]
	Ordinal0 [0x002B3995+997781]
	Ordinal0 [0x002BE794+1042324]
	Ordinal0 [0x002B3951+997713]
	Ordinal0 [0x002B4856+1001558]
	Ordinal0 [0x002B3DED+998893]
	Ordinal0 [0x002B40A6+999590]
	Ordinal0 [0x002B3995+997781]
	Ordinal0 [0x002BC793+1034131]
	Ordinal0 [0x002B3951+997713]
	Ordinal0 [0x002B4856+1001558]
	Ordinal0 [0x002B3DED+998893]
	Ordinal0 [0x002B40A6+999590]
	Ordinal0 [0x002B3995+997781]
	Ordinal0 [0x002BA599+1025433]
	Ordinal0 [0x002B3951+997713]
	Ordinal0 [0x002B4856+1001558]
	Ordinal0 [0x002B3DED+998893]
	Ordinal0 [0x002B40A6+999590]
	Ordinal0 [0x002B3995+997781]
	Ordinal0 [0x002B991C+1022236]
	Ordinal0 [0x002B3951+997713]
	Ordinal0 [0x002B4856+1001558]
	Ordinal0 [0x002B3DED+998893]
	Ordinal0 [0x002B40A6+999590]
	Ordinal0 [0x002B3995+997781]
	Ordinal0 [0x002AF55D+980317]
	Ordinal0 [0x002B3951+997713]
	Ordinal0 [0x002B36F0+997104]
	Ordinal0 [0x002B3489+996489]
	Ordinal0 [0x002C38E0+1063136]
	Ordinal0 [0x0030B8BA+1358010]
	Ordinal0 [0x0030A55A+1353050]
	Ordinal0 [0x003061EB+1335787]
	Ordinal0 [0x002E2617+1189399]
	Ordinal0 [0x002E3479+1193081]
	GetHandleVerifier [0x005B5624+1579748]
	GetHandleVerifier [0x00660417+2279639]
	GetHandleVerifier [0x004B473B+527355]
	GetHandleVerifier [0x004B37E9+523433]
	Ordinal0 [0x003C4BF9+2116601]
	Ordinal0 [0x003C9238+2134584]
	Ordinal0 [0x003C9372+2134898]
	Ordinal0 [0x003D2EB1+2174641]
	BaseThreadInitThunk [0x75C2336A+18]
	RtlInitializeExceptionChain [0x777398F2+99]
	RtlInitializeExceptionChain [0x777398C5+54]
" type="org.openqa.selenium.SessionNotCreatedException">
      <![CDATA[org.openqa.selenium.SessionNotCreatedException: session not created
from timeout: Timed out receiving message from renderer: 600.000
  (Session info: chrome=96.0.4664.45)
Build info: version: '3.141.59', revision: 'e82be7d358', time: '2018-11-14T08:17:03'
System info: host: 'CADDSTUDIO-PC', ip: '192.168.0.105', os.name: 'Windows 7', os.arch: 'amd64', os.version: '6.1', java.version: '11.0.13'
Driver info: driver.version: ChromeDriver
remote stacktrace: Backtrace:
Ordinal0 [0x00426023+2514979]
Ordinal0 [0x003BF6B1+2094769]
Ordinal0 [0x002C26C8+1058504]
Ordinal0 [0x002B4D65+1002853]
Ordinal0 [0x002B3DED+998893]
Ordinal0 [0x002B40A6+999590]
Ordinal0 [0x002B3995+997781]
Ordinal0 [0x002BE794+1042324]
Ordinal0 [0x002B3951+997713]
Ordinal0 [0x002B4856+1001558]
Ordinal0 [0x002B3DED+998893]
Ordinal0 [0x002B40A6+999590]
Ordinal0 [0x002B3995+997781]
Ordinal0 [0x002BC793+1034131]
Ordinal0 [0x002B3951+997713]
Ordinal0 [0x002B4856+1001558]
Ordinal0 [0x002B3DED+998893]
Ordinal0 [0x002B40A6+999590]
Ordinal0 [0x002B3995+997781]
Ordinal0 [0x002BA599+1025433]
Ordinal0 [0x002B3951+997713]
Ordinal0 [0x002B4856+1001558]
Ordinal0 [0x002B3DED+998893]
Ordinal0 [0x002B40A6+999590]
Ordinal0 [0x002B3995+997781]
Ordinal0 [0x002B991C+1022236]
Ordinal0 [0x002B3951+997713]
Ordinal0 [0x002B4856+1001558]
Ordinal0 [0x002B3DED+998893]
Ordinal0 [0x002B40A6+999590]
Ordinal0 [0x002B3995+997781]
Ordinal0 [0x002AF55D+980317]
Ordinal0 [0x002B3951+997713]
Ordinal0 [0x002B36F0+997104]
Ordinal0 [0x002B3489+996489]
Ordinal0 [0x002C38E0+1063136]
Ordinal0 [0x0030B8BA+1358010]
Ordinal0 [0x0030A55A+1353050]
Ordinal0 [0x003061EB+1335787]
Ordinal0 [0x002E2617+1189399]
Ordinal0 [0x002E3479+1193081]
GetHandleVerifier [0x005B5624+1579748]
GetHandleVerifier [0x00660417+2279639]
GetHandleVerifier [0x004B473B+527355]
GetHandleVerifier [0x004B37E9+523433]
Ordinal0 [0x003C4BF9+2116601]
Ordinal0 [0x003C9238+2134584]
Ordinal0 [0x003C9372+2134898]
Ordinal0 [0x003D2EB1+2174641]
BaseThreadInitThunk [0x75C2336A+18]
RtlInitializeExceptionChain [0x777398F2+99]
RtlInitializeExceptionChain [0x777398C5+54]

at java.base/jdk.internal.reflect.NativeConstructorAccessorImpl.newInstance0(Native Method)
at java.base/jdk.internal.reflect.NativeConstructorAccessorImpl.newInstance(NativeConstructorAccessorImpl.java:62)
at java.base/jdk.internal.reflect.DelegatingConstructorAccessorImpl.newInstance(DelegatingConstructorAccessorImpl.java:45)
at java.base/java.lang.reflect.Constructor.newInstance(Constructor.java:490)
at org.openqa.selenium.remote.W3CHandshakeResponse.lambda$errorHandler$0(W3CHandshakeResponse.java:62)
at org.openqa.selenium.remote.HandshakeResponse.lambda$getResponseFunction$0(HandshakeResponse.java:30)
at org.openqa.selenium.remote.ProtocolHandshake.lambda$createSession$0(ProtocolHandshake.java:126)
at java.base/java.util.stream.ReferencePipeline$3$1.accept(ReferencePipeline.java:195)
at java.base/java.util.Spliterators$ArraySpliterator.tryAdvance(Spliterators.java:958)
at java.base/java.util.stream.ReferencePipeline.forEachWithCancel(ReferencePipeline.java:127)
at java.base/java.util.stream.AbstractPipeline.copyIntoWithCancel(AbstractPipeline.java:502)
at java.base/java.util.stream.AbstractPipeline.copyInto(AbstractPipeline.java:488)
at java.base/java.util.stream.AbstractPipeline.wrapAndCopyInto(AbstractPipeline.java:474)
at java.base/java.util.stream.FindOps$FindOp.evaluateSequential(FindOps.java:150)
at java.base/java.util.stream.AbstractPipeline.evaluate(AbstractPipeline.java:234)
at java.base/java.util.stream.ReferencePipeline.findFirst(ReferencePipeline.java:543)
at org.openqa.selenium.remote.ProtocolHandshake.createSession(ProtocolHandshake.java:128)
at org.openqa.selenium.remote.ProtocolHandshake.createSession(ProtocolHandshake.java:74)
at org.openqa.selenium.remote.HttpCommandExecutor.execute(HttpCommandExecutor.java:136)
at org.openqa.selenium.remote.service.DriverCommandExecutor.execute(DriverCommandExecutor.java:83)
at org.openqa.selenium.remote.RemoteWebDriver.execute(RemoteWebDriver.java:552)
at org.openqa.selenium.remote.RemoteWebDriver.startSession(RemoteWebDriver.java:213)
at org.openqa.selenium.remote.RemoteWebDriver.<init>(RemoteWebDriver.java:131)
at org.openqa.selenium.chrome.ChromeDriver.<init>(ChromeDriver.java:181)
at org.openqa.selenium.chrome.ChromeDriver.<init>(ChromeDriver.java:168)
at org.openqa.selenium.chrome.ChromeDriver.<init>(ChromeDriver.java:123)
at com.nopcommerce.TestCases.BaseClass.setup(BaseClass.java:47)
at java.base/jdk.internal.reflect.NativeMethodAccessorImpl.invoke0(Native Method)
at java.base/jdk.internal.reflect.NativeMethodAccessorImpl.invoke(NativeMethodAccessorImpl.java:62)
at java.base/jdk.internal.reflect.DelegatingMethodAccessorImpl.invoke(DelegatingMethodAccessorImpl.java:43)
at java.base/java.lang.reflect.Method.invoke(Method.java:566)
at org.testng.internal.MethodInvocationHelper.invokeMethod(MethodInvocationHelper.java:124)
at org.testng.internal.MethodInvocationHelper.invokeMethodConsideringTimeout(MethodInvocationHelper.java:59)
at org.testng.internal.Invoker.invokeConfigurationMethod(Invoker.java:458)
at org.testng.internal.Invoker.invokeConfigurations(Invoker.java:222)
at org.testng.internal.Invoker.invokeConfigurations(Invoker.java:142)
at org.testng.internal.TestMethodWorker.invokeBeforeClassMethods(TestMethodWorker.java:168)
at org.testng.internal.TestMethodWorker.run(TestMethodWorker.java:105)
at org.testng.TestRunner.privateRun(TestRunner.java:648)
at org.testng.TestRunner.run(TestRunner.java:505)
at org.testng.SuiteRunner.runTest(SuiteRunner.java:455)
at org.testng.SuiteRunner.runSequentially(SuiteRunner.java:450)
at org.testng.SuiteRunner.privateRun(SuiteRunner.java:415)
at org.testng.SuiteRunner.run(SuiteRunner.java:364)
at org.testng.SuiteRunnerWorker.runSuite(SuiteRunnerWorker.java:52)
at org.testng.SuiteRunnerWorker.run(SuiteRunnerWorker.java:84)
at org.testng.TestNG.runSuitesSequentially(TestNG.java:1208)
at org.testng.TestNG.runSuitesLocally(TestNG.java:1137)
at org.testng.TestNG.runSuites(TestNG.java:1049)
at org.testng.TestNG.run(TestNG.java:1017)
at org.apache.maven.surefire.testng.TestNGExecutor.run(TestNGExecutor.java:295)
at org.apache.maven.surefire.testng.TestNGXmlTestSuite.execute(TestNGXmlTestSuite.java:84)
at org.apache.maven.surefire.testng.TestNGProvider.invoke(TestNGProvider.java:90)
at org.apache.maven.surefire.booter.ForkedBooter.invokeProviderInSameClassLoader(ForkedBooter.java:203)
at org.apache.maven.surefire.booter.ForkedBooter.runSuitesInProcess(ForkedBooter.java:155)
at org.apache.maven.surefire.booter.ForkedBooter.main(ForkedBooter.java:103)
]]>
    </error>
  </testcase> <!-- setup -->
  <testcase classname="com.nopcommerce.TestCases.TC_AddCustomerTest_003" name="addNewCustomer" time="0.000">
    <skipped/>
  </testcase> <!-- addNewCustomer -->
</testsuite> <!-- com.nopcommerce.TestCases.TC_AddCustomerTest_003 -->
